{
  "RSpec": {
    "coverage": {
      "/Users/dam/Flatiron/tic-tac-toe-rb/lib/tic_tac_toe.rb": [
        1,
        1,
        null,
        1,
        24,
        24,
        24,
        24,
        24,
        null,
        null,
        1,
        23,
        23,
        null,
        null,
        1,
        22,
        null,
        null,
        1,
        23,
        23,
        3,
        null,
        23,
        null,
        null,
        1,
        20,
        20,
        20,
        19,
        19,
        null,
        1,
        1,
        null,
        null,
        null,
        1,
        21,
        21,
        210,
        31,
        null,
        null,
        21,
        null,
        null,
        1,
        20,
        20,
        20,
        14,
        null,
        20,
        null,
        null,
        1,
        5,
        null,
        null,
        1,
        12,
        17,
        null,
        12,
        5,
        5,
        null,
        12,
        3,
        null,
        null,
        null,
        null,
        null
      ],
      "/Users/dam/Flatiron/tic-tac-toe-rb/lib/game_status.rb": [
        1,
        null,
        1,
        27,
        null,
        null,
        null,
        null,
        1,
        null,
        null,
        null,
        null,
        null,
        null,
        null,
        null,
        null,
        1,
        84,
        84,
        497,
        962,
        962,
        962,
        962,
        44,
        44,
        null,
        null,
        null,
        40,
        null,
        null,
        1,
        48,
        null,
        null,
        1,
        48,
        48,
        23,
        7,
        null,
        null,
        48,
        null,
        null,
        1,
        28,
        16,
        null,
        null,
        null,
        1,
        7,
        6,
        6,
        null,
        null,
        null,
        null
      ]
    },
    "timestamp": 1598918415
  }
}
